<?xml version="1.0" encoding="UTF-8"?>
<!-- Generated by org.testng.reporters.JUnitXMLReporter -->
<testsuite ignored="0" hostname="C11-OJF6VA3NN8S" failures="0" tests="3" name="CRM app Test Cases" time="62.626" errors="0" timestamp="2024-09-13T01:12:24 EDT">
  <testcase classname="com.qa.testcases.LoginPageTest" name="loginTitleTest" time="0.132"/>
  <testcase classname="com.qa.testcases.LoginPageTest" name="loginTest" time="7.344"/>
  <testcase classname="com.qa.testcases.HomePageTest" name="clickHomeIcon" time="1.244"/>
</testsuite> <!-- CRM app Test Cases -->
