<?xml version="1.0" encoding="UTF-8"?>
<testng-results ignored="0" total="3" passed="3" failed="0" skipped="0">
  <reporter-output>
  </reporter-output>
  <suite started-at="2024-09-13T01:11:21 EDT" name="Automation Suite" finished-at="2024-09-13T01:12:24 EDT" duration-ms="62626">
    <groups>
    </groups>
    <test started-at="2024-09-13T01:11:21 EDT" name="CRM app Test Cases" finished-at="2024-09-13T01:12:24 EDT" duration-ms="62626">
      <class name="com.qa.testcases.HomePageTest">
        <test-method is-config="true" signature="setUp()[pri:0, instance:com.qa.testcases.HomePageTest@74d1dc36]" started-at="2024-09-13T01:12:04 EDT" name="setUp" finished-at="2024-09-13T01:12:21 EDT" duration-ms="16835" status="PASS">
          <reporter-output>
          </reporter-output>
        </test-method> <!-- setUp -->
        <test-method signature="clickHomeIcon()[pri:0, instance:com.qa.testcases.HomePageTest@74d1dc36]" started-at="2024-09-13T01:12:21 EDT" name="clickHomeIcon" finished-at="2024-09-13T01:12:22 EDT" duration-ms="1244" status="PASS">
          <reporter-output>
          </reporter-output>
        </test-method> <!-- clickHomeIcon -->
        <test-method is-config="true" signature="tearDown()[pri:0, instance:com.qa.testcases.HomePageTest@74d1dc36]" started-at="2024-09-13T01:12:22 EDT" name="tearDown" finished-at="2024-09-13T01:12:24 EDT" duration-ms="1763" status="PASS">
          <reporter-output>
          </reporter-output>
        </test-method> <!-- tearDown -->
      </class> <!-- com.qa.testcases.HomePageTest -->
      <class name="com.qa.testcases.LoginPageTest">
        <test-method is-config="true" signature="setUp()[pri:0, instance:com.qa.testcases.LoginPageTest@1a6d8329]" started-at="2024-09-13T01:11:21 EDT" name="setUp" finished-at="2024-09-13T01:11:42 EDT" duration-ms="20456" status="PASS">
          <reporter-output>
          </reporter-output>
        </test-method> <!-- setUp -->
        <test-method signature="loginTitleTest()[pri:1, instance:com.qa.testcases.LoginPageTest@1a6d8329]" started-at="2024-09-13T01:11:42 EDT" name="loginTitleTest" finished-at="2024-09-13T01:11:42 EDT" duration-ms="132" status="PASS">
          <reporter-output>
          </reporter-output>
        </test-method> <!-- loginTitleTest -->
        <test-method is-config="true" signature="tearDown()[pri:0, instance:com.qa.testcases.LoginPageTest@1a6d8329]" started-at="2024-09-13T01:11:42 EDT" name="tearDown" finished-at="2024-09-13T01:11:46 EDT" duration-ms="4026" status="PASS">
          <reporter-output>
          </reporter-output>
        </test-method> <!-- tearDown -->
        <test-method is-config="true" signature="setUp()[pri:0, instance:com.qa.testcases.LoginPageTest@1a6d8329]" started-at="2024-09-13T01:11:46 EDT" name="setUp" finished-at="2024-09-13T01:11:55 EDT" duration-ms="9150" status="PASS">
          <reporter-output>
          </reporter-output>
        </test-method> <!-- setUp -->
        <test-method signature="loginTest()[pri:2, instance:com.qa.testcases.LoginPageTest@1a6d8329]" started-at="2024-09-13T01:11:55 EDT" name="loginTest" finished-at="2024-09-13T01:12:02 EDT" duration-ms="7344" status="PASS">
          <reporter-output>
          </reporter-output>
        </test-method> <!-- loginTest -->
        <test-method is-config="true" signature="tearDown()[pri:0, instance:com.qa.testcases.LoginPageTest@1a6d8329]" started-at="2024-09-13T01:12:02 EDT" name="tearDown" finished-at="2024-09-13T01:12:04 EDT" duration-ms="1599" status="PASS">
          <reporter-output>
          </reporter-output>
        </test-method> <!-- tearDown -->
      </class> <!-- com.qa.testcases.LoginPageTest -->
    </test> <!-- CRM app Test Cases -->
  </suite> <!-- Automation Suite -->
</testng-results>
