<?xml version="1.0" encoding="UTF-8"?>
<testng-results ignored="0" total="1" passed="1" failed="0" skipped="0">
  <reporter-output>
  </reporter-output>
  <suite started-at="2024-09-13T09:57:08 EDT" name="Default suite" finished-at="2024-09-13T09:57:27 EDT" duration-ms="19404">
    <groups>
    </groups>
    <test started-at="2024-09-13T09:57:08 EDT" name="Default test" finished-at="2024-09-13T09:57:27 EDT" duration-ms="19404">
      <class name="com.qa.testcases.HomePageTest">
        <test-method is-config="true" signature="setUp()[pri:0, instance:com.qa.testcases.HomePageTest@1e6a3214]" started-at="2024-09-13T09:57:08 EDT" name="setUp" finished-at="2024-09-13T09:57:25 EDT" duration-ms="16641" status="PASS">
          <reporter-output>
          </reporter-output>
        </test-method> <!-- setUp -->
        <test-method signature="clickHomeIcon()[pri:0, instance:com.qa.testcases.HomePageTest@1e6a3214]" started-at="2024-09-13T09:57:25 EDT" name="clickHomeIcon" finished-at="2024-09-13T09:57:26 EDT" duration-ms="1079" status="PASS">
          <reporter-output>
          </reporter-output>
        </test-method> <!-- clickHomeIcon -->
        <test-method is-config="true" signature="tearDown()[pri:0, instance:com.qa.testcases.HomePageTest@1e6a3214]" started-at="2024-09-13T09:57:26 EDT" name="tearDown" finished-at="2024-09-13T09:57:27 EDT" duration-ms="1628" status="PASS">
          <reporter-output>
          </reporter-output>
        </test-method> <!-- tearDown -->
      </class> <!-- com.qa.testcases.HomePageTest -->
    </test> <!-- Default test -->
  </suite> <!-- Default suite -->
</testng-results>
